\BOOKMARK [0][-]{section*.2}{Crystal Luminescence }{}% 2
\BOOKMARK [1][-]{section*.1}{Abstract}{section*.2}% 1
\BOOKMARK [1][-]{section*.3}{Introduction}{section*.2}% 3
\BOOKMARK [1][-]{section*.4}{Electron Orbitals}{section*.2}% 4
\BOOKMARK [2][-]{section*.5}{Electron Configuration.. Pauli Exclusion}{section*.4}% 5
\BOOKMARK [2][-]{section*.6}{Closed shell... very stable}{section*.4}% 6
\BOOKMARK [2][-]{section*.7}{Ground state..}{section*.4}% 7
\BOOKMARK [2][-]{section*.8}{Valence Electrons...}{section*.4}% 8
\BOOKMARK [2][-]{section*.9}{Excited state..Absorption.}{section*.4}% 9
\BOOKMARK [2][-]{section*.10}{Emission and Spectra}{section*.4}% 10
\BOOKMARK [1][-]{section*.11}{Energy Bands}{section*.2}% 11
\BOOKMARK [2][-]{section*.12}{Tight binding chains model...}{section*.11}% 12
\BOOKMARK [2][-]{section*.13}{Electron filling Bands..}{section*.11}% 13
\BOOKMARK [2][-]{section*.14}{Fermi energy..}{section*.11}% 14
\BOOKMARK [2][-]{section*.15}{Band structure..}{section*.11}% 15
\BOOKMARK [2][-]{section*.16}{Band Gap ..Semi conductor conductor insulator }{section*.11}% 16
\BOOKMARK [2][-]{section*.17}{Conduction band}{section*.11}% 17
\BOOKMARK [2][-]{section*.18}{Forbidden region..}{section*.11}% 18
\BOOKMARK [2][-]{section*.19}{filled valence... }{section*.11}% 19
\BOOKMARK [2][-]{section*.20}{Electrons holes..}{section*.11}% 20
\BOOKMARK [2][-]{section*.21}{Doping}{section*.11}% 21
\BOOKMARK [1][-]{section*.22}{Luminescence}{section*.2}% 22
\BOOKMARK [2][-]{section*.23}{Tribolumincence..}{section*.22}% 23
\BOOKMARK [2][-]{section*.24}{sonolumincence..}{section*.22}% 24
\BOOKMARK [2][-]{section*.25}{cathode..}{section*.22}% 25
\BOOKMARK [2][-]{section*.26}{scintillation..}{section*.22}% 26
\BOOKMARK [2][-]{section*.27}{Defects...}{section*.22}% 27
\BOOKMARK [2][-]{section*.28}{Traps...}{section*.22}% 28
\BOOKMARK [1][-]{section*.29}{Applications}{section*.2}% 29
\BOOKMARK [2][-]{section*.30}{Scintillation...}{section*.29}% 30
\BOOKMARK [1][-]{section*.31}{Endnotes and references}{section*.2}% 31
\BOOKMARK [1][-]{section*.32}{Conclusion}{section*.2}% 32
\BOOKMARK [1][-]{section*.33}{Uninteresting stuff}{section*.2}% 33
\BOOKMARK [1][-]{section*.34}{Acknowledgments}{section*.2}% 34
\BOOKMARK [1][-]{section*.35}{References}{section*.2}% 35
